<?xml version="1.0" encoding="UTF-8"?>
<!-- Generated by org.testng.reporters.JUnitReportReporter -->
<testsuite hostname="Akshay" failures="0" tests="1" name="com.codingAssignement.TestCases.Testcase_extract_ReleaseDate_and_Country" time="0.136" errors="0" timestamp="2022-10-08T17:38:18 IST" skipped="0">
  <testcase classname="com.codingAssignement.TestCases.Testcase_extract_ReleaseDate_and_Country" name="Extract_ReleaseDate_and_Country" time="0.136"/>
  <system-out/>
</testsuite> <!-- com.codingAssignement.TestCases.Testcase_extract_ReleaseDate_and_Country -->
