<?xml version="1.0" encoding="UTF-8"?>
<!-- Generated by org.testng.reporters.JUnitReportReporter -->
<testsuite hostname="Akshay" failures="0" tests="1" name="com.codingAssignement.TestCases.Testcase_extract_ReleaseDate_and_Country" time="0.160" errors="0" timestamp="08 Oct 2022 12:11:30 GMT" skipped="0">
  <testcase classname="com.codingAssignement.TestCases.Testcase_extract_ReleaseDate_and_Country" name="Extract_ReleaseDate_and_Country" time="0.160"/>
</testsuite> <!-- com.codingAssignement.TestCases.Testcase_extract_ReleaseDate_and_Country -->
